Open5GS daemon v2.7.0

02/23 15:32:08.003: [app] INFO: Configuration: '/etc/open5gs/amf1.yaml' (../lib/app/ogs-init.c:130)
02/23 15:32:08.003: [app] INFO: File Logging: '/var/log/open5gs/amf1.log' (../lib/app/ogs-init.c:133)
02/23 15:32:08.007: [metrics] INFO: metrics_server() [http://127.0.0.5]:9090 (../lib/metrics/prometheus/context.c:299)
02/23 15:32:08.007: [sbi] INFO: NF Service [namf-comm] (../lib/sbi/context.c:1812)
02/23 15:32:08.009: [sbi] INFO: nghttp2_server() [http://127.0.0.5]:7777 (../lib/sbi/nghttp2-server.c:414)
02/23 15:32:08.009: [amf] INFO: ngap_server() [192.168.50.41]:38412 (../src/amf/ngap-sctp.c:61)
02/23 15:32:08.009: [sctp] INFO: AMF initialize...done (../src/amf/app.c:33)
02/23 15:32:08.013: [sbi] INFO: [529d42b2-d258-41ee-9982-0dd4362e3f7d] NF registered [Heartbeat:10s] (../lib/sbi/nf-sm.c:221)
02/23 15:32:08.020: [sbi] INFO: [529e7dda-d258-41ee-ad41-9f3fccfceabf] Subscription created until 2024-02-24T15:32:08.013778+01:00 [duration:86400,validity:86399.994075,patch:43199.997037] (../lib/sbi/nnrf-handler.c:708)
02/23 15:32:08.020: [sbi] INFO: [529ebcfa-d258-41ee-ad41-9f3fccfceabf] Subscription created until 2024-02-24T15:32:08.015399+01:00 [duration:86400,validity:86399.995227,patch:43199.997613] (../lib/sbi/nnrf-handler.c:708)
02/23 15:32:08.020: [sbi] INFO: [529eda00-d258-41ee-ad41-9f3fccfceabf] Subscription created until 2024-02-24T15:32:08.016135+01:00 [duration:86400,validity:86399.995868,patch:43199.997934] (../lib/sbi/nnrf-handler.c:708)
02/23 15:32:08.020: [sbi] INFO: [529ef58a-d258-41ee-ad41-9f3fccfceabf] Subscription created until 2024-02-24T15:32:08.016841+01:00 [duration:86400,validity:86399.996482,patch:43199.998241] (../lib/sbi/nnrf-handler.c:708)
02/23 15:32:08.020: [sbi] INFO: [529f10ec-d258-41ee-ad41-9f3fccfceabf] Subscription created until 2024-02-24T15:32:08.017541+01:00 [duration:86400,validity:86399.997090,patch:43199.998545] (../lib/sbi/nnrf-handler.c:708)
02/23 15:32:08.020: [sbi] INFO: [529f2c1c-d258-41ee-ad41-9f3fccfceabf] Subscription created until 2024-02-24T15:32:08.018237+01:00 [duration:86400,validity:86399.997695,patch:43199.998847] (../lib/sbi/nnrf-handler.c:708)
02/23 15:32:08.020: [sbi] INFO: [529f4e4a-d258-41ee-ad41-9f3fccfceabf] Subscription created until 2024-02-24T15:32:08.019113+01:00 [duration:86400,validity:86399.998480,patch:43199.999240] (../lib/sbi/nnrf-handler.c:708)
02/23 15:32:19.778: [sbi] INFO: (NRF-notify) NF registered [599fb4dc-d258-41ee-9c2a-7193596cb960:1] (../lib/sbi/nnrf-handler.c:924)
02/23 15:32:19.778: [sbi] INFO: [SMF] (NRF-notify) NF Profile updated [599fb4dc-d258-41ee-9c2a-7193596cb960:1] (../lib/sbi/nnrf-handler.c:938)
02/23 15:32:30.318: [sbi] INFO: (NRF-notify) NF registered [5fe25ff2-d258-41ee-86b9-110c4cc4bba5:1] (../lib/sbi/nnrf-handler.c:924)
02/23 15:32:30.318: [sbi] INFO: [SMF] (NRF-notify) NF Profile updated [5fe25ff2-d258-41ee-86b9-110c4cc4bba5:1] (../lib/sbi/nnrf-handler.c:938)
02/23 15:32:36.336: [sbi] INFO: (NRF-notify) NF registered [637c40c4-d258-41ee-b62f-a594603d9c24:1] (../lib/sbi/nnrf-handler.c:924)
02/23 15:32:36.336: [sbi] INFO: [SMF] (NRF-notify) NF Profile updated [637c40c4-d258-41ee-b62f-a594603d9c24:1] (../lib/sbi/nnrf-handler.c:938)
02/23 15:34:36.071: [amf] INFO: gNB-N2 accepted[192.168.50.37]:59760 in ng-path module (../src/amf/ngap-sctp.c:113)
02/23 15:34:36.071: [amf] INFO: gNB-N2 accepted[192.168.50.37] in master_sm module (../src/amf/amf-sm.c:741)
02/23 15:34:36.076: [amf] INFO: [Added] Number of gNBs is now 1 (../src/amf/context.c:1231)
02/23 15:34:36.081: [amf] INFO: gNB-N2[192.168.50.37] max_num_of_ostreams : 10 (../src/amf/amf-sm.c:780)
02/23 15:35:37.243: [amf] INFO: InitialUEMessage (../src/amf/ngap-handler.c:401)
02/23 15:35:37.243: [amf] INFO: [Added] Number of gNB-UEs is now 1 (../src/amf/context.c:2550)
02/23 15:35:37.243: [amf] INFO:     RAN_UE_NGAP_ID[1] AMF_UE_NGAP_ID[1] TAC[1] CellID[0x10] (../src/amf/ngap-handler.c:562)
02/23 15:35:37.244: [amf] INFO: [suci-0-001-01-0000-0-0-0000000000] Unknown UE by SUCI (../src/amf/context.c:1835)
02/23 15:35:37.244: [amf] INFO: [Added] Number of AMF-UEs is now 1 (../src/amf/context.c:1616)
02/23 15:35:37.244: [gmm] INFO: Registration request (../src/amf/gmm-sm.c:1165)
02/23 15:35:37.244: [gmm] INFO: [suci-0-001-01-0000-0-0-0000000000]    SUCI (../src/amf/gmm-handler.c:166)
02/23 15:35:37.276: [sbi] INFO: [AUSF] (SCP-discover) NF registered [9c9fa1dc-d255-41ee-b4f5-c3768572999d:1] (../lib/sbi/path.c:211)
02/23 15:35:37.290: [sbi] INFO: [UDM] (SCP-discover) NF registered [9ca5e650-d255-41ee-86e1-fb269a67a723:1] (../lib/sbi/path.c:211)
02/23 15:35:37.294: [sbi] WARNING: [UDM] (SCP-discover) NF has already been added [9ca5e650-d255-41ee-86e1-fb269a67a723:2] (../lib/sbi/path.c:216)
02/23 15:35:37.307: [sbi] INFO: [PCF] (SCP-discover) NF registered [9fd14fae-d255-41ee-80e2-05126cbac702:1] (../lib/sbi/path.c:211)
02/23 15:35:37.512: [gmm] INFO: [imsi-001010000000000] Registration complete (../src/amf/gmm-sm.c:2146)
02/23 15:35:37.512: [amf] INFO: [imsi-001010000000000] Configuration update command (../src/amf/nas-path.c:612)
02/23 15:35:37.512: [gmm] INFO:     UTC [2024-02-23T14:35:37] Timezone[0]/DST[0] (../src/amf/gmm-build.c:559)
02/23 15:35:37.512: [gmm] INFO:     LOCAL [2024-02-23T15:35:37] Timezone[3600]/DST[0] (../src/amf/gmm-build.c:564)
02/23 15:35:37.513: [amf] INFO: [Added] Number of AMF-Sessions is now 1 (../src/amf/context.c:2571)
02/23 15:35:37.513: [gmm] INFO: UE SUPI[imsi-001010000000000] DNN[internet] S_NSSAI[SST:1 SD:0x1] smContextRef [NULL] (../src/amf/gmm-handler.c:1241)
02/23 15:35:37.513: [gmm] INFO: SMF Instance [599fb4dc-d258-41ee-9c2a-7193596cb960] (../src/amf/gmm-handler.c:1280)
02/23 15:35:37.591: [amf] INFO: [imsi-001010000000000:1:11][0:0:NULL] /nsmf-pdusession/v1/sm-contexts/{smContextRef}/modify (../src/amf/nsmf-handler.c:837)
02/23 15:36:16.057: [amf] INFO: InitialUEMessage (../src/amf/ngap-handler.c:401)
02/23 15:36:16.057: [amf] INFO: [Added] Number of gNB-UEs is now 2 (../src/amf/context.c:2550)
02/23 15:36:16.057: [amf] INFO:     RAN_UE_NGAP_ID[2] AMF_UE_NGAP_ID[2] TAC[1] CellID[0x10] (../src/amf/ngap-handler.c:562)
02/23 15:36:16.057: [amf] INFO: [suci-0-001-01-0000-0-0-0000000003] Unknown UE by SUCI (../src/amf/context.c:1835)
02/23 15:36:16.057: [amf] INFO: [Added] Number of AMF-UEs is now 2 (../src/amf/context.c:1616)
02/23 15:36:16.057: [gmm] INFO: Registration request (../src/amf/gmm-sm.c:1165)
02/23 15:36:16.057: [gmm] INFO: [suci-0-001-01-0000-0-0-0000000003]    SUCI (../src/amf/gmm-handler.c:166)
02/23 15:36:16.072: [sbi] WARNING: [AUSF] (SCP-discover) NF has already been added [9c9fa1dc-d255-41ee-b4f5-c3768572999d:2] (../lib/sbi/path.c:216)
02/23 15:36:16.096: [sbi] WARNING: [UDM] (SCP-discover) NF has already been added [9ca5e650-d255-41ee-86e1-fb269a67a723:3] (../lib/sbi/path.c:216)
02/23 15:36:16.098: [sbi] WARNING: [UDM] (SCP-discover) NF has already been added [9ca5e650-d255-41ee-86e1-fb269a67a723:4] (../lib/sbi/path.c:216)
02/23 15:36:16.123: [sbi] WARNING: [PCF] (SCP-discover) NF has already been added [9fd14fae-d255-41ee-80e2-05126cbac702:2] (../lib/sbi/path.c:216)
02/23 15:36:16.329: [gmm] INFO: [imsi-001010000000003] Registration complete (../src/amf/gmm-sm.c:2146)
02/23 15:36:16.329: [amf] INFO: [imsi-001010000000003] Configuration update command (../src/amf/nas-path.c:612)
02/23 15:36:16.329: [gmm] INFO:     UTC [2024-02-23T14:36:16] Timezone[0]/DST[0] (../src/amf/gmm-build.c:559)
02/23 15:36:16.329: [gmm] INFO:     LOCAL [2024-02-23T15:36:16] Timezone[3600]/DST[0] (../src/amf/gmm-build.c:564)
02/23 15:36:16.330: [amf] INFO: [Added] Number of AMF-Sessions is now 2 (../src/amf/context.c:2571)
02/23 15:36:16.330: [gmm] INFO: UE SUPI[imsi-001010000000003] DNN[internet2] S_NSSAI[SST:1 SD:0x2] smContextRef [NULL] (../src/amf/gmm-handler.c:1241)
02/23 15:36:16.330: [gmm] INFO: SMF Instance [5fe25ff2-d258-41ee-86b9-110c4cc4bba5] (../src/amf/gmm-handler.c:1280)
02/23 15:36:16.379: [amf] INFO: [imsi-001010000000003:1:11][0:0:NULL] /nsmf-pdusession/v1/sm-contexts/{smContextRef}/modify (../src/amf/nsmf-handler.c:837)
02/23 15:58:26.112: [app] INFO: SIGINT received (../src/main.c:53)
02/23 15:58:26.113: [app] INFO: Open5GS daemon terminating... (../src/main.c:226)
02/23 15:58:26.116: [sbi] INFO: [529d42b2-d258-41ee-9982-0dd4362e3f7d] NF de-registered (../lib/sbi/nf-sm.c:248)
02/23 15:58:26.149: [amf] INFO: [Removed] Number of gNBs is now 0 (../src/amf/context.c:1258)
02/23 15:58:26.150: [amf] INFO: [Removed] Number of gNB-UEs is now 1 (../src/amf/context.c:2557)
02/23 15:58:26.153: [amf] INFO: [Removed] Number of AMF-Sessions is now 1 (../src/amf/context.c:2578)
02/23 15:58:26.153: [amf] INFO: [Removed] Number of AMF-UEs is now 1 (../src/amf/context.c:1709)
02/23 15:58:26.153: [amf] INFO: [Removed] Number of gNB-UEs is now 0 (../src/amf/context.c:2557)
02/23 15:58:26.153: [amf] INFO: [Removed] Number of AMF-Sessions is now 0 (../src/amf/context.c:2578)
02/23 15:58:26.153: [amf] INFO: [Removed] Number of AMF-UEs is now 0 (../src/amf/context.c:1709)
02/23 15:58:26.176: [sctp] INFO: AMF terminate...done (../src/amf/app.c:42)
Open5GS daemon v2.7.0

02/23 16:02:02.938: [app] INFO: Configuration: '/etc/open5gs/amf1.yaml' (../lib/app/ogs-init.c:130)
02/23 16:02:02.938: [app] INFO: File Logging: '/var/log/open5gs/amf1.log' (../lib/app/ogs-init.c:133)
02/23 16:02:02.942: [metrics] INFO: metrics_server() [http://127.0.0.5]:9090 (../lib/metrics/prometheus/context.c:299)
02/23 16:02:02.942: [sbi] INFO: NF Service [namf-comm] (../lib/sbi/context.c:1812)
02/23 16:02:02.948: [sbi] INFO: nghttp2_server() [http://127.0.0.5]:7777 (../lib/sbi/nghttp2-server.c:414)
02/23 16:02:02.949: [amf] INFO: ngap_server() [192.168.50.41]:38412 (../src/amf/ngap-sctp.c:61)
02/23 16:02:02.949: [sctp] INFO: AMF initialize...done (../src/amf/app.c:33)
02/23 16:02:02.952: [sbi] INFO: [807a85c4-d25c-41ee-80fd-a3dd77f79919] NF registered [Heartbeat:10s] (../lib/sbi/nf-sm.c:221)
02/23 16:02:02.959: [sbi] INFO: [807cb0a6-d25c-41ee-ad41-9f3fccfceabf] Subscription created until 2024-02-24T16:02:02.954370+01:00 [duration:86400,validity:86399.995186,patch:43199.997593] (../lib/sbi/nnrf-handler.c:708)
02/23 16:02:02.959: [sbi] INFO: [807cb84e-d25c-41ee-ad41-9f3fccfceabf] Subscription created until 2024-02-24T16:02:02.954562+01:00 [duration:86400,validity:86399.995286,patch:43199.997643] (../lib/sbi/nnrf-handler.c:708)
02/23 16:02:02.959: [sbi] INFO: [807cba88-d25c-41ee-ad41-9f3fccfceabf] Subscription created until 2024-02-24T16:02:02.954618+01:00 [duration:86400,validity:86399.995203,patch:43199.997601] (../lib/sbi/nnrf-handler.c:708)
02/23 16:02:02.959: [sbi] INFO: [807cbce0-d25c-41ee-ad41-9f3fccfceabf] Subscription created until 2024-02-24T16:02:02.954678+01:00 [duration:86400,validity:86399.995194,patch:43199.997597] (../lib/sbi/nnrf-handler.c:708)
02/23 16:02:02.959: [sbi] INFO: [807cbf4c-d25c-41ee-ad41-9f3fccfceabf] Subscription created until 2024-02-24T16:02:02.954739+01:00 [duration:86400,validity:86399.995145,patch:43199.997572] (../lib/sbi/nnrf-handler.c:708)
02/23 16:02:02.959: [sbi] INFO: [807d1c44-d25c-41ee-ad41-9f3fccfceabf] Subscription created until 2024-02-24T16:02:02.957122+01:00 [duration:86400,validity:86399.997459,patch:43199.998729] (../lib/sbi/nnrf-handler.c:708)
02/23 16:02:02.959: [sbi] INFO: [807d55e2-d25c-41ee-ad41-9f3fccfceabf] Subscription created until 2024-02-24T16:02:02.958597+01:00 [duration:86400,validity:86399.998848,patch:43199.999424] (../lib/sbi/nnrf-handler.c:708)
02/23 16:02:16.452: [sbi] INFO: (NRF-notify) NF registered [88865f04-d25c-41ee-a3be-f3ad8a619bcf:1] (../lib/sbi/nnrf-handler.c:924)
02/23 16:02:16.452: [sbi] INFO: [SMF] (NRF-notify) NF Profile updated [88865f04-d25c-41ee-a3be-f3ad8a619bcf:1] (../lib/sbi/nnrf-handler.c:938)
02/23 16:02:22.504: [sbi] INFO: (NRF-notify) NF registered [8c22170c-d25c-41ee-a9db-fb85217a76c6:1] (../lib/sbi/nnrf-handler.c:924)
02/23 16:02:22.505: [sbi] INFO: [SMF] (NRF-notify) NF Profile updated [8c22170c-d25c-41ee-a9db-fb85217a76c6:1] (../lib/sbi/nnrf-handler.c:938)
02/23 16:02:29.000: [sbi] INFO: (NRF-notify) NF registered [8fff14d8-d25c-41ee-954b-8db5c1673fde:1] (../lib/sbi/nnrf-handler.c:924)
02/23 16:02:29.000: [sbi] INFO: [SMF] (NRF-notify) NF Profile updated [8fff14d8-d25c-41ee-954b-8db5c1673fde:1] (../lib/sbi/nnrf-handler.c:938)
02/23 16:03:11.965: [amf] INFO: gNB-N2 accepted[192.168.50.37]:59520 in ng-path module (../src/amf/ngap-sctp.c:113)
02/23 16:03:11.965: [amf] INFO: gNB-N2 accepted[192.168.50.37] in master_sm module (../src/amf/amf-sm.c:741)
02/23 16:03:11.969: [amf] INFO: [Added] Number of gNBs is now 1 (../src/amf/context.c:1231)
02/23 16:03:11.969: [amf] INFO: gNB-N2[192.168.50.37] max_num_of_ostreams : 10 (../src/amf/amf-sm.c:780)
02/23 16:04:01.998: [amf] INFO: InitialUEMessage (../src/amf/ngap-handler.c:401)
02/23 16:04:01.998: [amf] INFO: [Added] Number of gNB-UEs is now 1 (../src/amf/context.c:2550)
02/23 16:04:01.998: [amf] INFO:     RAN_UE_NGAP_ID[1] AMF_UE_NGAP_ID[1] TAC[1] CellID[0x10] (../src/amf/ngap-handler.c:562)
02/23 16:04:01.999: [amf] INFO: [suci-0-001-01-0000-0-0-0000000000] Unknown UE by SUCI (../src/amf/context.c:1835)
02/23 16:04:01.999: [amf] INFO: [Added] Number of AMF-UEs is now 1 (../src/amf/context.c:1616)
02/23 16:04:01.999: [gmm] INFO: Registration request (../src/amf/gmm-sm.c:1165)
02/23 16:04:01.999: [gmm] INFO: [suci-0-001-01-0000-0-0-0000000000]    SUCI (../src/amf/gmm-handler.c:166)
02/23 16:04:02.031: [sbi] INFO: [AUSF] (SCP-discover) NF registered [9c9fa1dc-d255-41ee-b4f5-c3768572999d:1] (../lib/sbi/path.c:211)
02/23 16:04:02.072: [sbi] INFO: [UDM] (SCP-discover) NF registered [9ca5e650-d255-41ee-86e1-fb269a67a723:1] (../lib/sbi/path.c:211)
02/23 16:04:02.078: [sbi] WARNING: [UDM] (SCP-discover) NF has already been added [9ca5e650-d255-41ee-86e1-fb269a67a723:2] (../lib/sbi/path.c:216)
02/23 16:04:02.091: [sbi] INFO: [PCF] (SCP-discover) NF registered [9fd14fae-d255-41ee-80e2-05126cbac702:1] (../lib/sbi/path.c:211)
02/23 16:04:02.296: [gmm] INFO: [imsi-001010000000000] Registration complete (../src/amf/gmm-sm.c:2146)
02/23 16:04:02.296: [amf] INFO: [imsi-001010000000000] Configuration update command (../src/amf/nas-path.c:612)
02/23 16:04:02.296: [gmm] INFO:     UTC [2024-02-23T15:04:02] Timezone[0]/DST[0] (../src/amf/gmm-build.c:559)
02/23 16:04:02.296: [gmm] INFO:     LOCAL [2024-02-23T16:04:02] Timezone[3600]/DST[0] (../src/amf/gmm-build.c:564)
02/23 16:04:02.297: [amf] INFO: [Added] Number of AMF-Sessions is now 1 (../src/amf/context.c:2571)
02/23 16:04:02.297: [gmm] INFO: UE SUPI[imsi-001010000000000] DNN[internet] S_NSSAI[SST:1 SD:0x1] smContextRef [NULL] (../src/amf/gmm-handler.c:1241)
02/23 16:04:02.297: [gmm] INFO: SMF Instance [88865f04-d25c-41ee-a3be-f3ad8a619bcf] (../src/amf/gmm-handler.c:1280)
02/23 16:04:02.347: [amf] INFO: [imsi-001010000000000:1:11][0:0:NULL] /nsmf-pdusession/v1/sm-contexts/{smContextRef}/modify (../src/amf/nsmf-handler.c:837)
02/23 16:04:31.987: [amf] INFO: InitialUEMessage (../src/amf/ngap-handler.c:401)
02/23 16:04:31.987: [amf] INFO: [Added] Number of gNB-UEs is now 2 (../src/amf/context.c:2550)
02/23 16:04:31.987: [amf] INFO:     RAN_UE_NGAP_ID[2] AMF_UE_NGAP_ID[2] TAC[1] CellID[0x10] (../src/amf/ngap-handler.c:562)
02/23 16:04:31.987: [amf] INFO: [suci-0-001-01-0000-0-0-0000000003] Unknown UE by SUCI (../src/amf/context.c:1835)
02/23 16:04:31.987: [amf] INFO: [Added] Number of AMF-UEs is now 2 (../src/amf/context.c:1616)
02/23 16:04:31.987: [gmm] INFO: Registration request (../src/amf/gmm-sm.c:1165)
02/23 16:04:31.987: [gmm] INFO: [suci-0-001-01-0000-0-0-0000000003]    SUCI (../src/amf/gmm-handler.c:166)
02/23 16:04:31.996: [sbi] WARNING: [AUSF] (SCP-discover) NF has already been added [9c9fa1dc-d255-41ee-b4f5-c3768572999d:2] (../lib/sbi/path.c:216)
02/23 16:04:32.019: [sbi] WARNING: [UDM] (SCP-discover) NF has already been added [9ca5e650-d255-41ee-86e1-fb269a67a723:3] (../lib/sbi/path.c:216)
02/23 16:04:32.022: [sbi] WARNING: [UDM] (SCP-discover) NF has already been added [9ca5e650-d255-41ee-86e1-fb269a67a723:4] (../lib/sbi/path.c:216)
02/23 16:04:32.028: [sbi] WARNING: [PCF] (SCP-discover) NF has already been added [9fd14fae-d255-41ee-80e2-05126cbac702:2] (../lib/sbi/path.c:216)
02/23 16:04:32.231: [gmm] INFO: [imsi-001010000000003] Registration complete (../src/amf/gmm-sm.c:2146)
02/23 16:04:32.231: [amf] INFO: [imsi-001010000000003] Configuration update command (../src/amf/nas-path.c:612)
02/23 16:04:32.231: [gmm] INFO:     UTC [2024-02-23T15:04:32] Timezone[0]/DST[0] (../src/amf/gmm-build.c:559)
02/23 16:04:32.231: [gmm] INFO:     LOCAL [2024-02-23T16:04:32] Timezone[3600]/DST[0] (../src/amf/gmm-build.c:564)
02/23 16:04:32.231: [amf] INFO: [Added] Number of AMF-Sessions is now 2 (../src/amf/context.c:2571)
02/23 16:04:32.231: [gmm] INFO: UE SUPI[imsi-001010000000003] DNN[internet2] S_NSSAI[SST:1 SD:0x2] smContextRef [NULL] (../src/amf/gmm-handler.c:1241)
02/23 16:04:32.231: [gmm] INFO: SMF Instance [8c22170c-d25c-41ee-a9db-fb85217a76c6] (../src/amf/gmm-handler.c:1280)
02/23 16:04:32.272: [amf] INFO: [imsi-001010000000003:1:11][0:0:NULL] /nsmf-pdusession/v1/sm-contexts/{smContextRef}/modify (../src/amf/nsmf-handler.c:837)
