Open5GS daemon v2.7.0

02/23 15:32:13.834: [app] INFO: Configuration: '/etc/open5gs/amf2.yaml' (../lib/app/ogs-init.c:130)
02/23 15:32:13.834: [app] INFO: File Logging: '/var/log/open5gs/amf2.log' (../lib/app/ogs-init.c:133)
02/23 15:32:13.837: [metrics] INFO: metrics_server() [http://127.0.0.25]:9090 (../lib/metrics/prometheus/context.c:299)
02/23 15:32:13.837: [sbi] INFO: NF Service [namf-comm] (../lib/sbi/context.c:1812)
02/23 15:32:13.838: [sbi] INFO: nghttp2_server() [http://127.0.0.25]:7777 (../lib/sbi/nghttp2-server.c:414)
02/23 15:32:13.838: [amf] INFO: ngap_server() [192.168.50.42]:38412 (../src/amf/ngap-sctp.c:61)
02/23 15:32:13.838: [sctp] INFO: AMF initialize...done (../src/amf/app.c:33)
02/23 15:32:13.840: [sbi] INFO: [5616ee0c-d258-41ee-9a87-3fd4e56a6612] NF registered [Heartbeat:10s] (../lib/sbi/nf-sm.c:221)
02/23 15:32:13.850: [sbi] INFO: [5617ac5c-d258-41ee-ad41-9f3fccfceabf] Subscription created until 2024-02-24T15:32:13.841118+01:00 [duration:86400,validity:86399.990915,patch:43199.995457] (../lib/sbi/nnrf-handler.c:708)
02/23 15:32:13.850: [sbi] INFO: [5617d362-d258-41ee-ad41-9f3fccfceabf] Subscription created until 2024-02-24T15:32:13.842118+01:00 [duration:86400,validity:86399.991816,patch:43199.995908] (../lib/sbi/nnrf-handler.c:708)
02/23 15:32:13.850: [sbi] INFO: [5617f112-d258-41ee-ad41-9f3fccfceabf] Subscription created until 2024-02-24T15:32:13.842878+01:00 [duration:86400,validity:86399.992484,patch:43199.996242] (../lib/sbi/nnrf-handler.c:708)
02/23 15:32:13.850: [sbi] INFO: [5618102a-d258-41ee-ad41-9f3fccfceabf] Subscription created until 2024-02-24T15:32:13.843673+01:00 [duration:86400,validity:86399.993183,patch:43199.996591] (../lib/sbi/nnrf-handler.c:708)
02/23 15:32:13.855: [sbi] INFO: [56182e5c-d258-41ee-ad41-9f3fccfceabf] Subscription created until 2024-02-24T15:32:13.844446+01:00 [duration:86400,validity:86399.993862,patch:43199.996931] (../lib/sbi/nnrf-handler.c:708)
02/23 15:32:13.855: [sbi] INFO: [5618d9e2-d258-41ee-ad41-9f3fccfceabf] Subscription created until 2024-02-24T15:32:13.848838+01:00 [duration:86400,validity:86399.993589,patch:43199.996794] (../lib/sbi/nnrf-handler.c:708)
02/23 15:32:13.855: [sbi] INFO: [5618f71a-d258-41ee-ad41-9f3fccfceabf] Subscription created until 2024-02-24T15:32:13.849585+01:00 [duration:86400,validity:86399.994231,patch:43199.997115] (../lib/sbi/nnrf-handler.c:708)
02/23 15:32:19.778: [sbi] INFO: (NRF-notify) NF registered [599fb4dc-d258-41ee-9c2a-7193596cb960:1] (../lib/sbi/nnrf-handler.c:924)
02/23 15:32:19.778: [sbi] INFO: [SMF] (NRF-notify) NF Profile updated [599fb4dc-d258-41ee-9c2a-7193596cb960:1] (../lib/sbi/nnrf-handler.c:938)
02/23 15:32:30.318: [sbi] INFO: (NRF-notify) NF registered [5fe25ff2-d258-41ee-86b9-110c4cc4bba5:1] (../lib/sbi/nnrf-handler.c:924)
02/23 15:32:30.318: [sbi] INFO: [SMF] (NRF-notify) NF Profile updated [5fe25ff2-d258-41ee-86b9-110c4cc4bba5:1] (../lib/sbi/nnrf-handler.c:938)
02/23 15:32:36.337: [sbi] INFO: (NRF-notify) NF registered [637c40c4-d258-41ee-b62f-a594603d9c24:1] (../lib/sbi/nnrf-handler.c:924)
02/23 15:32:36.337: [sbi] INFO: [SMF] (NRF-notify) NF Profile updated [637c40c4-d258-41ee-b62f-a594603d9c24:1] (../lib/sbi/nnrf-handler.c:938)
02/23 15:34:42.365: [amf] INFO: gNB-N2 accepted[192.168.50.45]:55196 in ng-path module (../src/amf/ngap-sctp.c:113)
02/23 15:34:42.365: [amf] INFO: gNB-N2 accepted[192.168.50.45] in master_sm module (../src/amf/amf-sm.c:741)
02/23 15:34:42.370: [amf] INFO: [Added] Number of gNBs is now 1 (../src/amf/context.c:1231)
02/23 15:34:42.370: [amf] INFO: gNB-N2[192.168.50.45] max_num_of_ostreams : 10 (../src/amf/amf-sm.c:780)
02/23 15:34:48.814: [amf] INFO: gNB-N2 accepted[192.168.50.50]:56715 in ng-path module (../src/amf/ngap-sctp.c:113)
02/23 15:34:48.814: [amf] INFO: gNB-N2 accepted[192.168.50.50] in master_sm module (../src/amf/amf-sm.c:741)
02/23 15:34:48.818: [amf] INFO: [Added] Number of gNBs is now 2 (../src/amf/context.c:1231)
02/23 15:34:48.818: [amf] INFO: gNB-N2[192.168.50.50] max_num_of_ostreams : 10 (../src/amf/amf-sm.c:780)
02/23 15:35:50.203: [amf] INFO: InitialUEMessage (../src/amf/ngap-handler.c:401)
02/23 15:35:50.203: [amf] INFO: [Added] Number of gNB-UEs is now 1 (../src/amf/context.c:2550)
02/23 15:35:50.203: [amf] INFO:     RAN_UE_NGAP_ID[1] AMF_UE_NGAP_ID[1] TAC[1] CellID[0x10] (../src/amf/ngap-handler.c:562)
02/23 15:35:50.203: [amf] INFO: [suci-0-001-01-0000-0-0-0000000001] Unknown UE by SUCI (../src/amf/context.c:1835)
02/23 15:35:50.203: [amf] INFO: [Added] Number of AMF-UEs is now 1 (../src/amf/context.c:1616)
02/23 15:35:50.203: [gmm] INFO: Registration request (../src/amf/gmm-sm.c:1165)
02/23 15:35:50.203: [gmm] INFO: [suci-0-001-01-0000-0-0-0000000001]    SUCI (../src/amf/gmm-handler.c:166)
02/23 15:35:50.209: [sbi] INFO: [AUSF] (SCP-discover) NF registered [9c9fa1dc-d255-41ee-b4f5-c3768572999d:1] (../lib/sbi/path.c:211)
02/23 15:35:50.220: [sbi] INFO: [UDM] (SCP-discover) NF registered [9ca5e650-d255-41ee-86e1-fb269a67a723:1] (../lib/sbi/path.c:211)
02/23 15:35:50.224: [sbi] WARNING: [UDM] (SCP-discover) NF has already been added [9ca5e650-d255-41ee-86e1-fb269a67a723:2] (../lib/sbi/path.c:216)
02/23 15:35:50.233: [sbi] INFO: [PCF] (SCP-discover) NF registered [9fd14fae-d255-41ee-80e2-05126cbac702:1] (../lib/sbi/path.c:211)
02/23 15:35:50.436: [gmm] INFO: [imsi-001010000000001] Registration complete (../src/amf/gmm-sm.c:2146)
02/23 15:35:50.436: [amf] INFO: [imsi-001010000000001] Configuration update command (../src/amf/nas-path.c:612)
02/23 15:35:50.436: [gmm] INFO:     UTC [2024-02-23T14:35:50] Timezone[0]/DST[0] (../src/amf/gmm-build.c:559)
02/23 15:35:50.436: [gmm] INFO:     LOCAL [2024-02-23T15:35:50] Timezone[3600]/DST[0] (../src/amf/gmm-build.c:564)
02/23 15:35:50.437: [amf] INFO: [Added] Number of AMF-Sessions is now 1 (../src/amf/context.c:2571)
02/23 15:35:50.437: [gmm] INFO: UE SUPI[imsi-001010000000001] DNN[voip] S_NSSAI[SST:2 SD:0x1] smContextRef [NULL] (../src/amf/gmm-handler.c:1241)
02/23 15:35:50.437: [gmm] INFO: SMF Instance [637c40c4-d258-41ee-b62f-a594603d9c24] (../src/amf/gmm-handler.c:1280)
02/23 15:35:50.480: [amf] INFO: [imsi-001010000000001:1:11][0:0:NULL] /nsmf-pdusession/v1/sm-contexts/{smContextRef}/modify (../src/amf/nsmf-handler.c:837)
02/23 15:36:00.610: [amf] INFO: InitialUEMessage (../src/amf/ngap-handler.c:401)
02/23 15:36:00.610: [amf] INFO: [Added] Number of gNB-UEs is now 2 (../src/amf/context.c:2550)
02/23 15:36:00.610: [amf] INFO:     RAN_UE_NGAP_ID[1] AMF_UE_NGAP_ID[2] TAC[2] CellID[0x10] (../src/amf/ngap-handler.c:562)
02/23 15:36:00.610: [amf] INFO: [suci-0-001-01-0000-0-0-0000000002] Unknown UE by SUCI (../src/amf/context.c:1835)
02/23 15:36:00.610: [amf] INFO: [Added] Number of AMF-UEs is now 2 (../src/amf/context.c:1616)
02/23 15:36:00.610: [gmm] INFO: Registration request (../src/amf/gmm-sm.c:1165)
02/23 15:36:00.610: [gmm] INFO: [suci-0-001-01-0000-0-0-0000000002]    SUCI (../src/amf/gmm-handler.c:166)
02/23 15:36:00.614: [sbi] WARNING: [AUSF] (SCP-discover) NF has already been added [9c9fa1dc-d255-41ee-b4f5-c3768572999d:2] (../lib/sbi/path.c:216)
02/23 15:36:00.631: [sbi] WARNING: [UDM] (SCP-discover) NF has already been added [9ca5e650-d255-41ee-86e1-fb269a67a723:3] (../lib/sbi/path.c:216)
02/23 15:36:00.634: [sbi] WARNING: [UDM] (SCP-discover) NF has already been added [9ca5e650-d255-41ee-86e1-fb269a67a723:4] (../lib/sbi/path.c:216)
02/23 15:36:00.643: [sbi] WARNING: [PCF] (SCP-discover) NF has already been added [9fd14fae-d255-41ee-80e2-05126cbac702:2] (../lib/sbi/path.c:216)
02/23 15:36:00.848: [gmm] INFO: [imsi-001010000000002] Registration complete (../src/amf/gmm-sm.c:2146)
02/23 15:36:00.848: [amf] INFO: [imsi-001010000000002] Configuration update command (../src/amf/nas-path.c:612)
02/23 15:36:00.848: [gmm] INFO:     UTC [2024-02-23T14:36:00] Timezone[0]/DST[0] (../src/amf/gmm-build.c:559)
02/23 15:36:00.848: [gmm] INFO:     LOCAL [2024-02-23T15:36:00] Timezone[3600]/DST[0] (../src/amf/gmm-build.c:564)
02/23 15:36:00.849: [amf] INFO: [Added] Number of AMF-Sessions is now 2 (../src/amf/context.c:2571)
02/23 15:36:00.849: [gmm] INFO: UE SUPI[imsi-001010000000002] DNN[voip3] S_NSSAI[SST:2 SD:0x2] smContextRef [NULL] (../src/amf/gmm-handler.c:1241)
02/23 15:36:00.849: [gmm] INFO: SMF Instance [637c40c4-d258-41ee-b62f-a594603d9c24] (../src/amf/gmm-handler.c:1280)
02/23 15:36:00.895: [amf] INFO: [imsi-001010000000002:1:11][0:0:NULL] /nsmf-pdusession/v1/sm-contexts/{smContextRef}/modify (../src/amf/nsmf-handler.c:837)
02/23 15:58:28.596: [app] INFO: SIGINT received (../src/main.c:53)
02/23 15:58:28.598: [app] INFO: Open5GS daemon terminating... (../src/main.c:226)
02/23 15:58:28.611: [sbi] INFO: [5616ee0c-d258-41ee-9a87-3fd4e56a6612] NF de-registered (../lib/sbi/nf-sm.c:248)
02/23 15:58:28.621: [sbi] ERROR: ogs_queue_push() failed:-4 (../lib/sbi/path.c:77)
02/23 15:58:28.636: [amf] INFO: [Removed] Number of gNBs is now 1 (../src/amf/context.c:1258)
02/23 15:58:28.636: [amf] INFO: [Removed] Number of gNBs is now 0 (../src/amf/context.c:1258)
02/23 15:58:28.638: [amf] INFO: [Removed] Number of gNB-UEs is now 1 (../src/amf/context.c:2557)
02/23 15:58:28.639: [amf] INFO: [Removed] Number of AMF-Sessions is now 1 (../src/amf/context.c:2578)
02/23 15:58:28.640: [amf] INFO: [Removed] Number of AMF-UEs is now 1 (../src/amf/context.c:1709)
02/23 15:58:28.640: [amf] INFO: [Removed] Number of gNB-UEs is now 0 (../src/amf/context.c:2557)
02/23 15:58:28.640: [amf] INFO: [Removed] Number of AMF-Sessions is now 0 (../src/amf/context.c:2578)
02/23 15:58:28.640: [amf] INFO: [Removed] Number of AMF-UEs is now 0 (../src/amf/context.c:1709)
02/23 15:58:28.654: [sctp] INFO: AMF terminate...done (../src/amf/app.c:42)
Open5GS daemon v2.7.0

02/23 16:02:09.451: [app] INFO: Configuration: '/etc/open5gs/amf2.yaml' (../lib/app/ogs-init.c:130)
02/23 16:02:09.451: [app] INFO: File Logging: '/var/log/open5gs/amf2.log' (../lib/app/ogs-init.c:133)
02/23 16:02:09.454: [metrics] INFO: metrics_server() [http://127.0.0.25]:9090 (../lib/metrics/prometheus/context.c:299)
02/23 16:02:09.454: [sbi] INFO: NF Service [namf-comm] (../lib/sbi/context.c:1812)
02/23 16:02:09.454: [sbi] INFO: nghttp2_server() [http://127.0.0.25]:7777 (../lib/sbi/nghttp2-server.c:414)
02/23 16:02:09.454: [amf] INFO: ngap_server() [192.168.50.42]:38412 (../src/amf/ngap-sctp.c:61)
02/23 16:02:09.454: [sctp] INFO: AMF initialize...done (../src/amf/app.c:33)
02/23 16:02:09.457: [sbi] INFO: [845c4696-d25c-41ee-8cfe-39deb48965ae] NF registered [Heartbeat:10s] (../lib/sbi/nf-sm.c:221)
02/23 16:02:09.466: [sbi] INFO: [845d0be4-d25c-41ee-ad41-9f3fccfceabf] Subscription created until 2024-02-24T16:02:09.457875+01:00 [duration:86400,validity:86399.991468,patch:43199.995734] (../lib/sbi/nnrf-handler.c:708)
02/23 16:02:09.466: [sbi] INFO: [845d289a-d25c-41ee-ad41-9f3fccfceabf] Subscription created until 2024-02-24T16:02:09.458639+01:00 [duration:86400,validity:86399.992118,patch:43199.996059] (../lib/sbi/nnrf-handler.c:708)
02/23 16:02:09.466: [sbi] INFO: [845d4618-d25c-41ee-ad41-9f3fccfceabf] Subscription created until 2024-02-24T16:02:09.459368+01:00 [duration:86400,validity:86399.992752,patch:43199.996376] (../lib/sbi/nnrf-handler.c:708)
02/23 16:02:09.466: [sbi] INFO: [845d642c-d25c-41ee-ad41-9f3fccfceabf] Subscription created until 2024-02-24T16:02:09.460134+01:00 [duration:86400,validity:86399.993423,patch:43199.996711] (../lib/sbi/nnrf-handler.c:708)
02/23 16:02:09.466: [sbi] INFO: [845d82ea-d25c-41ee-ad41-9f3fccfceabf] Subscription created until 2024-02-24T16:02:09.460921+01:00 [duration:86400,validity:86399.994118,patch:43199.997059] (../lib/sbi/nnrf-handler.c:708)
02/23 16:02:09.467: [sbi] INFO: [845e1674-d25c-41ee-ad41-9f3fccfceabf] Subscription created until 2024-02-24T16:02:09.464699+01:00 [duration:86400,validity:86399.997806,patch:43199.998903] (../lib/sbi/nnrf-handler.c:708)
02/23 16:02:09.467: [sbi] INFO: [845e4004-d25c-41ee-ad41-9f3fccfceabf] Subscription created until 2024-02-24T16:02:09.465762+01:00 [duration:86400,validity:86399.998706,patch:43199.999353] (../lib/sbi/nnrf-handler.c:708)
02/23 16:02:16.452: [sbi] INFO: (NRF-notify) NF registered [88865f04-d25c-41ee-a3be-f3ad8a619bcf:1] (../lib/sbi/nnrf-handler.c:924)
02/23 16:02:16.452: [sbi] INFO: [SMF] (NRF-notify) NF Profile updated [88865f04-d25c-41ee-a3be-f3ad8a619bcf:1] (../lib/sbi/nnrf-handler.c:938)
02/23 16:02:22.505: [sbi] INFO: (NRF-notify) NF registered [8c22170c-d25c-41ee-a9db-fb85217a76c6:1] (../lib/sbi/nnrf-handler.c:924)
02/23 16:02:22.505: [sbi] INFO: [SMF] (NRF-notify) NF Profile updated [8c22170c-d25c-41ee-a9db-fb85217a76c6:1] (../lib/sbi/nnrf-handler.c:938)
02/23 16:02:29.000: [sbi] INFO: (NRF-notify) NF registered [8fff14d8-d25c-41ee-954b-8db5c1673fde:1] (../lib/sbi/nnrf-handler.c:924)
02/23 16:02:29.000: [sbi] INFO: [SMF] (NRF-notify) NF Profile updated [8fff14d8-d25c-41ee-954b-8db5c1673fde:1] (../lib/sbi/nnrf-handler.c:938)
02/23 16:03:22.180: [amf] INFO: gNB-N2 accepted[192.168.50.45]:37258 in ng-path module (../src/amf/ngap-sctp.c:113)
02/23 16:03:22.180: [amf] INFO: gNB-N2 accepted[192.168.50.45] in master_sm module (../src/amf/amf-sm.c:741)
02/23 16:03:22.189: [amf] INFO: [Added] Number of gNBs is now 1 (../src/amf/context.c:1231)
02/23 16:03:22.189: [amf] INFO: gNB-N2[192.168.50.45] max_num_of_ostreams : 10 (../src/amf/amf-sm.c:780)
02/23 16:03:38.227: [amf] INFO: gNB-N2 accepted[192.168.50.50]:53199 in ng-path module (../src/amf/ngap-sctp.c:113)
02/23 16:03:38.227: [amf] INFO: gNB-N2 accepted[192.168.50.50] in master_sm module (../src/amf/amf-sm.c:741)
02/23 16:03:38.232: [amf] INFO: [Added] Number of gNBs is now 2 (../src/amf/context.c:1231)
02/23 16:03:38.232: [amf] INFO: gNB-N2[192.168.50.50] max_num_of_ostreams : 10 (../src/amf/amf-sm.c:780)
02/23 16:04:12.660: [amf] INFO: InitialUEMessage (../src/amf/ngap-handler.c:401)
02/23 16:04:12.660: [amf] INFO: [Added] Number of gNB-UEs is now 1 (../src/amf/context.c:2550)
02/23 16:04:12.660: [amf] INFO:     RAN_UE_NGAP_ID[1] AMF_UE_NGAP_ID[1] TAC[1] CellID[0x10] (../src/amf/ngap-handler.c:562)
02/23 16:04:12.660: [amf] INFO: [suci-0-001-01-0000-0-0-0000000001] Unknown UE by SUCI (../src/amf/context.c:1835)
02/23 16:04:12.660: [amf] INFO: [Added] Number of AMF-UEs is now 1 (../src/amf/context.c:1616)
02/23 16:04:12.660: [gmm] INFO: Registration request (../src/amf/gmm-sm.c:1165)
02/23 16:04:12.660: [gmm] INFO: [suci-0-001-01-0000-0-0-0000000001]    SUCI (../src/amf/gmm-handler.c:166)
02/23 16:04:12.665: [sbi] INFO: [AUSF] (SCP-discover) NF registered [9c9fa1dc-d255-41ee-b4f5-c3768572999d:1] (../lib/sbi/path.c:211)
02/23 16:04:12.673: [sbi] INFO: [UDM] (SCP-discover) NF registered [9ca5e650-d255-41ee-86e1-fb269a67a723:1] (../lib/sbi/path.c:211)
02/23 16:04:12.676: [sbi] WARNING: [UDM] (SCP-discover) NF has already been added [9ca5e650-d255-41ee-86e1-fb269a67a723:2] (../lib/sbi/path.c:216)
02/23 16:04:12.683: [sbi] INFO: [PCF] (SCP-discover) NF registered [9fd14fae-d255-41ee-80e2-05126cbac702:1] (../lib/sbi/path.c:211)
02/23 16:04:12.888: [gmm] INFO: [imsi-001010000000001] Registration complete (../src/amf/gmm-sm.c:2146)
02/23 16:04:12.888: [amf] INFO: [imsi-001010000000001] Configuration update command (../src/amf/nas-path.c:612)
02/23 16:04:12.888: [gmm] INFO:     UTC [2024-02-23T15:04:12] Timezone[0]/DST[0] (../src/amf/gmm-build.c:559)
02/23 16:04:12.888: [gmm] INFO:     LOCAL [2024-02-23T16:04:12] Timezone[3600]/DST[0] (../src/amf/gmm-build.c:564)
02/23 16:04:12.889: [amf] INFO: [Added] Number of AMF-Sessions is now 1 (../src/amf/context.c:2571)
02/23 16:04:12.889: [gmm] INFO: UE SUPI[imsi-001010000000001] DNN[voip] S_NSSAI[SST:2 SD:0x1] smContextRef [NULL] (../src/amf/gmm-handler.c:1241)
02/23 16:04:12.889: [gmm] INFO: SMF Instance [8fff14d8-d25c-41ee-954b-8db5c1673fde] (../src/amf/gmm-handler.c:1280)
02/23 16:04:12.933: [amf] INFO: [imsi-001010000000001:1:11][0:0:NULL] /nsmf-pdusession/v1/sm-contexts/{smContextRef}/modify (../src/amf/nsmf-handler.c:837)
02/23 16:04:22.017: [amf] INFO: InitialUEMessage (../src/amf/ngap-handler.c:401)
02/23 16:04:22.017: [amf] INFO: [Added] Number of gNB-UEs is now 2 (../src/amf/context.c:2550)
02/23 16:04:22.017: [amf] INFO:     RAN_UE_NGAP_ID[1] AMF_UE_NGAP_ID[2] TAC[2] CellID[0x10] (../src/amf/ngap-handler.c:562)
02/23 16:04:22.017: [amf] INFO: [suci-0-001-01-0000-0-0-0000000002] Unknown UE by SUCI (../src/amf/context.c:1835)
02/23 16:04:22.017: [amf] INFO: [Added] Number of AMF-UEs is now 2 (../src/amf/context.c:1616)
02/23 16:04:22.017: [gmm] INFO: Registration request (../src/amf/gmm-sm.c:1165)
02/23 16:04:22.017: [gmm] INFO: [suci-0-001-01-0000-0-0-0000000002]    SUCI (../src/amf/gmm-handler.c:166)
02/23 16:04:22.021: [sbi] WARNING: [AUSF] (SCP-discover) NF has already been added [9c9fa1dc-d255-41ee-b4f5-c3768572999d:2] (../lib/sbi/path.c:216)
02/23 16:04:22.045: [sbi] WARNING: [UDM] (SCP-discover) NF has already been added [9ca5e650-d255-41ee-86e1-fb269a67a723:3] (../lib/sbi/path.c:216)
02/23 16:04:22.048: [sbi] WARNING: [UDM] (SCP-discover) NF has already been added [9ca5e650-d255-41ee-86e1-fb269a67a723:4] (../lib/sbi/path.c:216)
02/23 16:04:22.054: [sbi] WARNING: [PCF] (SCP-discover) NF has already been added [9fd14fae-d255-41ee-80e2-05126cbac702:2] (../lib/sbi/path.c:216)
02/23 16:04:22.260: [gmm] INFO: [imsi-001010000000002] Registration complete (../src/amf/gmm-sm.c:2146)
02/23 16:04:22.260: [amf] INFO: [imsi-001010000000002] Configuration update command (../src/amf/nas-path.c:612)
02/23 16:04:22.260: [gmm] INFO:     UTC [2024-02-23T15:04:22] Timezone[0]/DST[0] (../src/amf/gmm-build.c:559)
02/23 16:04:22.260: [gmm] INFO:     LOCAL [2024-02-23T16:04:22] Timezone[3600]/DST[0] (../src/amf/gmm-build.c:564)
02/23 16:04:22.261: [amf] INFO: [Added] Number of AMF-Sessions is now 2 (../src/amf/context.c:2571)
02/23 16:04:22.261: [gmm] INFO: UE SUPI[imsi-001010000000002] DNN[voip3] S_NSSAI[SST:2 SD:0x2] smContextRef [NULL] (../src/amf/gmm-handler.c:1241)
02/23 16:04:22.261: [gmm] INFO: SMF Instance [8fff14d8-d25c-41ee-954b-8db5c1673fde] (../src/amf/gmm-handler.c:1280)
02/23 16:04:22.288: [amf] INFO: [imsi-001010000000002:1:11][0:0:NULL] /nsmf-pdusession/v1/sm-contexts/{smContextRef}/modify (../src/amf/nsmf-handler.c:837)
